<?xml version="1.0" encoding="UTF-8"?>
<testng-results ignored="0" total="1" passed="1" failed="0" skipped="0">
  <reporter-output>
  </reporter-output>
  <suite started-at="2025-07-19T13:19:50 IST" name="Default suite" finished-at="2025-07-19T13:20:00 IST" duration-ms="10213">
    <groups>
    </groups>
    <test started-at="2025-07-19T13:19:50 IST" name="Default test" finished-at="2025-07-19T13:20:00 IST" duration-ms="10213">
      <class name="mavenfire.Login">
        <test-method signature="login()[pri:0, instance:mavenfire.Login@3ce1e309]" started-at="2025-07-19T13:19:50 IST" name="login" finished-at="2025-07-19T13:20:00 IST" duration-ms="10154" status="PASS">
          <reporter-output>
          </reporter-output>
        </test-method> <!-- login -->
      </class> <!-- mavenfire.Login -->
    </test> <!-- Default test -->
  </suite> <!-- Default suite -->
</testng-results>
